** ComfyUI startup time: 2024-10-28 22:21:41.701587
[2024-10-28 22:21] ** Platform: Linux
[2024-10-28 22:21] ** Python version: 3.10.13 (main, Sep 11 2023, 13:44:35) [GCC 11.2.0]
[2024-10-28 22:21] ** Python executable: /home/mclean/miniconda3/envs/ComfyUI2/bin/python
[2024-10-28 22:21] ** Log path: /home/mclean/Documents/GitHub/ComfyUI/comfyui.log
[2024-10-28 22:21] ** Comfy Deploy Revision: c6fe88bf660d2ad54c551c98b04a1719d57a996c
[2024-10-28 22:21] 
Prestartup times for custom nodes:
[2024-10-28 22:21]    0.0 seconds: /home/mclean/Documents/GitHub/ComfyUI/custom_nodes/rgthree-comfy
[2024-10-28 22:21]    0.0 seconds: /home/mclean/Documents/GitHub/ComfyUI/custom_nodes/ComfyUI-Easy-Use
[2024-10-28 22:21]    0.0 seconds: /home/mclean/Documents/GitHub/ComfyUI/custom_nodes/comfyui-deploy
[2024-10-28 22:21]    0.0 seconds: /home/mclean/Documents/GitHub/ComfyUI/custom_nodes/ComfyUI-Manager
[2024-10-28 22:21] 
/home/mclean/miniconda3/envs/ComfyUI2/lib/python3.10/site-packages/xformers/triton/softmax.py:30: FutureWarning: `torch.cuda.amp.custom_fwd(args...)` is deprecated. Please use `torch.amp.custom_fwd(args..., device_type='cuda')` instead.
  @custom_fwd(cast_inputs=torch.float16 if _triton_softmax_fp16_enabled else None)
[2024-10-28 22:21] /home/mclean/miniconda3/envs/ComfyUI2/lib/python3.10/site-packages/xformers/triton/softmax.py:87: FutureWarning: `torch.cuda.amp.custom_bwd(args...)` is deprecated. Please use `torch.amp.custom_bwd(args..., device_type='cuda')` instead.
  def backward(
[2024-10-28 22:21] /home/mclean/miniconda3/envs/ComfyUI2/lib/python3.10/site-packages/kornia/feature/lightglue.py:44: FutureWarning: `torch.cuda.amp.custom_fwd(args...)` is deprecated. Please use `torch.amp.custom_fwd(args..., device_type='cuda')` instead.
  @torch.cuda.amp.custom_fwd(cast_inputs=torch.float32)
[2024-10-28 22:21] [34mWAS Node Suite: [0mOpenCV Python FFMPEG support is enabled[0m
[2024-10-28 22:21] [34mWAS Node Suite [93mWarning: [0m`ffmpeg_bin_path` is not set in `/home/mclean/Documents/GitHub/ComfyUI/custom_nodes/was-node-suite-comfyui/was_suite_config.json` config file. Will attempt to use system ffmpeg binaries if available.[0m
[2024-10-28 22:21] [34mWAS Node Suite: [0mFinished.[0m [32mLoaded[0m [0m216[0m [32mnodes successfully.[0m
[2024-10-28 22:21] 
	[3m[93m"Art is the lie that enables us to realize the truth."[0m[3m - Pablo Picasso[0m
[2024-10-28 22:21] 
[2024-10-28 22:21] ------------------------------------------
[2024-10-28 22:21] [34mComfyroll Studio v1.76 : [92m 175 Nodes Loaded[0m
[2024-10-28 22:21] ------------------------------------------
[2024-10-28 22:21] ** For changes, please see patch notes at https://github.com/Suzie1/ComfyUI_Comfyroll_CustomNodes/blob/main/Patch_Notes.md
[2024-10-28 22:21] ** For help, please see the wiki at https://github.com/Suzie1/ComfyUI_Comfyroll_CustomNodes/wiki
[2024-10-28 22:21] ------------------------------------------
[2024-10-28 22:21] [AnimateDiffEvo] - [0;31mERROR[0m - No motion models found. Please download one and place in: ['/home/mclean/Documents/GitHub/ComfyUI/custom_nodes/ComfyUI-AnimateDiff-Evolved/models', '/home/mclean/Documents/GitHub/ComfyUI/models/animatediff_models']
[2024-10-28 22:21] ### Loading: ComfyUI-Inspire-Pack (V0.68.1)
[2024-10-28 22:21] /home/mclean/miniconda3/envs/ComfyUI2/lib/python3.10/site-packages/albumentations/__init__.py:13: UserWarning: A new version of Albumentations is available: 1.4.20 (you have 1.4.18). Upgrade using: pip install -U albumentations. To disable automatic update checks, set the environment variable NO_ALBUMENTATIONS_UPDATE to 1.
  check_for_updates()
[2024-10-28 22:21] [0;33m[ReActor][0m - [38;5;173mSTATUS[0m - [0;32mRunning v0.5.0-b4 in ComfyUI[0m
[2024-10-28 22:21] Torch version: 2.5.1+cu121
[2024-10-28 22:21] 
[2024-10-28 22:21] [92m[rgthree] Loaded 40 magnificent nodes.[0m
[2024-10-28 22:21] [33m[rgthree] NOTE: Will NOT use rgthree's optimized recursive execution as ComfyUI has changed.[0m
[2024-10-28 22:21] 
[2024-10-28 22:21] Not found test nodes.
[2024-10-28 22:21] [36;20m[comfyui_controlnet_aux] | INFO -> Using ckpts path: /home/mclean/Documents/GitHub/ComfyUI/custom_nodes/comfyui_controlnet_aux/ckpts[0m
[2024-10-28 22:21] [36;20m[comfyui_controlnet_aux] | INFO -> Using symlinks: False[0m
[2024-10-28 22:21] [36;20m[comfyui_controlnet_aux] | INFO -> Using ort providers: ['CUDAExecutionProvider', 'DirectMLExecutionProvider', 'OpenVINOExecutionProvider', 'ROCMExecutionProvider', 'CPUExecutionProvider', 'CoreMLExecutionProvider'][0m
[2024-10-28 22:21] ### Loading: ComfyUI-Impact-Pack (V5.18.14)
[2024-10-28 22:21] ### Loading: ComfyUI-Impact-Pack (Subpack: V0.6)
[2024-10-28 22:21] [Impact Pack] Wildcards loading done.
[2024-10-28 22:21] [36mEfficiency Nodes:[0m Attempting to add Control Net options to the 'HiRes-Fix Script' Node (comfyui_controlnet_aux add-on)...[92mSuccess![0m
[2024-10-28 22:21] [93mEfficiency Nodes Warning:[0m Failed to import python package 'simpleeval'; related nodes disabled.
[2024-10-28 22:21] 
[2024-10-28 22:21] Loaded efficiency nodes from /home/mclean/Documents/GitHub/ComfyUI/custom_nodes/efficiency-nodes-comfyui
[2024-10-28 22:21] Loaded ControlNetPreprocessors nodes from /home/mclean/Documents/GitHub/ComfyUI/custom_nodes/comfyui_controlnet_aux
[2024-10-28 22:21] [Errno 2] No such file or directory: '/home/mclean/Documents/GitHub/ComfyUI/custom_nodes/ComfyUI-Advanced-ControlNet/control/control.py/__init__.py'
[2024-10-28 22:21] Could not find AnimateDiff nodes
[2024-10-28 22:21] Loaded IPAdapter nodes from /home/mclean/Documents/GitHub/ComfyUI/custom_nodes/ComfyUI_IPAdapter_plus
[2024-10-28 22:21] metaclass conflict: the metaclass of a derived class must be a (non-strict) subclass of the metaclasses of all its bases
[2024-10-28 22:21] Loaded VideoHelperSuite from /home/mclean/Documents/GitHub/ComfyUI/custom_nodes/ComfyUI-VideoHelperSuite
[2024-10-28 22:21] Searge-SDXL v4.3.1 in /home/mclean/Documents/GitHub/ComfyUI/custom_nodes/SeargeSDXL
[2024-10-28 22:21] ### Loading: ComfyUI-Manager (V2.7.1)
[2024-10-28 22:21] ### ComfyUI Revision: 2790 [3a8caacb] | Released on '2024-10-24'
[2024-10-28 22:21] CD_BYPASS_UPLOAD False
[2024-10-28 22:21] [ComfyUI-Manager] default cache updated: https://raw.githubusercontent.com/ltdrdata/ComfyUI-Manager/main/alter-list.json
[2024-10-28 22:21] [ComfyUI-Manager] default cache updated: https://raw.githubusercontent.com/ltdrdata/ComfyUI-Manager/main/model-list.json
[2024-10-28 22:21] [ComfyUI-Manager] default cache updated: https://raw.githubusercontent.com/ltdrdata/ComfyUI-Manager/main/custom-node-list.json
[2024-10-28 22:21] [ComfyUI-Manager] default cache updated: https://raw.githubusercontent.com/ltdrdata/ComfyUI-Manager/main/extension-node-map.json
[2024-10-28 22:22] FETCH DATA from: /home/mclean/Documents/GitHub/ComfyUI/custom_nodes/ComfyUI-Manager/extension-node-map.json
[2024-10-28 22:22] []
[2024-10-28 22:22] []
[2024-10-28 22:22] executed {'node': '201', 'display_node': '201', 'output': {'images': [{'filename': 'ComfyUI_temp_ydyjq_00001_.png', 'subfolder': '', 'type': 'temp'}]}, 'prompt_id': 'b9b2485c-7ffa-4e78-80d3-b6b5e8cceaa3'}
[2024-10-28 22:22] Current working directory: /home/mclean/Documents/GitHub/ComfyUI
[2024-10-28 22:22] 'models' directory exists: /home/mclean/Documents/GitHub/ComfyUI/models
[2024-10-28 22:22] 'models/sam2' directory exists: /home/mclean/Documents/GitHub/ComfyUI/models/sam2
[2024-10-28 22:22] 'models/sam2/sam2_hiera_large.pt' file exists: /home/mclean/Documents/GitHub/ComfyUI/models/sam2/sam2_hiera_large.pt
[2024-10-28 22:23] executed {'node': '230', 'display_node': '230', 'output': {'images': [{'filename': 'ComfyUI_temp_gfhqe_00001_.png', 'subfolder': '', 'type': 'temp'}]}, 'prompt_id': 'b9b2485c-7ffa-4e78-80d3-b6b5e8cceaa3'}
[2024-10-28 22:23] executedLoading TensorRT engine: /home/mclean/Documents/GitHub/ComfyUI/models/tensorrt/depth-anything/depth_anything_v2_vitl.onnx 
[2024-10-28 22:23] {'node': '231', 'display_node': '231', 'output': {'images': [{'filename': 'ComfyUI_temp_lzyom_00001_.png', 'subfolder': '', 'type': 'temp'}]}, 'prompt_id': 'b9b2485c-7ffa-4e78-80d3-b6b5e8cceaa3'}
[2024-10-28 22:23] [W] 'colored' module is not installed, will not use colors when logging. To enable colors, please install the 'colored' module: python3 -m pip install colored
[2024-10-28 22:23] [E] IRuntime::deserializeCudaEngine: Error Code 1: Serialization (Serialization assertion plan->header.magicTag == rt::kPLAN_MAGIC_TAG failed.Trying to load an engine created with incompatible serialization version. Check that the engine was not created using safety runtime, same OS was used and version compatibility parameters were set accordingly.)
[2024-10-28 22:23] [!] Could not deserialize engine. See log for details.
[2024-10-28 22:23] no pending upload
[2024-10-28 22:23] FETCH DATA from: /home/mclean/Documents/GitHub/ComfyUI/custom_nodes/ComfyUI-Manager/.cache/1514988643_custom-node-list.json
[2024-10-28 22:23] FETCH DATA from: /home/mclean/Documents/GitHub/ComfyUI/custom_nodes/ComfyUI-Manager/.cache/1742899825_extension-node-map.json
